<?xml version="1.0" encoding="UTF-8"?>
<!-- Generated by org.testng.reporters.JUnitReportReporter -->
<testsuite hostname="LAPTOP-B8RO4255" failures="0" tests="1" name="Arjitaren.ExtentReport.ExtentReportDemo" time="5.541" errors="0" timestamp="2021-01-30T23:07:42 IST" skipped="0">
  <testcase classname="Arjitaren.ExtentReport.ExtentReportDemo" name="initialdemo" time="5.541"/>
  <system-out/>
</testsuite> <!-- Arjitaren.ExtentReport.ExtentReportDemo -->
